05:17:17.843 From karate-config file 
05:17:17.921 [print] from background block
05:17:17.936 [print] from scenario block
05:17:17.936 after scenario inside config 
015 from after feature 
 User-Agent: Apache-HttpClient/4.5.12 (Java/1.8.0_251)

05:03:38.171 response time in milliseconds: 443.66
1 < 200
1 < Access-Control-Allow-Origin: *
1 < Age: 27
1 < CF-Cache-Status: HIT
1 < CF-RAY: 61c497c7aa8c1944-SIN
1 < Cache-Control: max-age=14400
1 < Connection: keep-alive
1 < Content-Type: application/json; charset=utf-8
1 < Date: Thu, 04 Feb 2021 13:03:38 GMT
1 < Etag: W/"2c1-N6Rqerxquq2kgQhL51EiSg4x0R8"
1 < Expect-CT: max-age=604800, report-uri="https://report-uri.cloudflare.com/cdn-cgi/beacon/expect-ct"
1 < NEL: {"max_age":604800,"report_to":"cf-nel"}
1 < Report-To: {"max_age":604800,"group":"cf-nel","endpoints":[{"url":"https:\/\/a.nel.cloudflare.com\/report?s=%2BLHMfdMBiUNrUAeQoBWnr%2F4EozjFvjuRL4BKpyPmIXnJY6jcBYBqTaI%2F7L1%2Bf6%2B64TARkntpcfkGOYLPOKuh38V8tr315rIT4X4%3D"}]}
1 < Server: cloudflare
1 < Set-Cookie: __cfduid=d7610508a42162e6390419d34a48717351612443818; expires=Sat, 06-Mar-21 13:03:38 GMT; path=/; domain=.reqres.in; HttpOnly; SameSite=Lax; Secure
1 < Transfer-Encoding: chunked
1 < Vary: Accept-Encoding
1 < Via: 1.1 vegur
1 < X-Powered-By: Express
1 < cf-request-id: 080ebd30cd000019448207f000000001
{"page":1,"per_page":6,"total":12,"total_pages":2,"data":[{"id":1,"name":"cerulean","year":2000,"color":"#98B2D1","pantone_value":"15-4020"},{"id":2,"name":"fuchsia rose","year":2001,"color":"#C74375","pantone_value":"17-2031"},{"id":3,"name":"true red","year":2002,"color":"#BF1932","pantone_value":"19-1664"},{"id":4,"name":"aqua sky","year":2003,"color":"#7BC4C4","pantone_value":"14-4811"},{"id":5,"name":"tigerlily","year":2004,"color":"#E2583E","pantone_value":"17-1456"},{"id":6,"name":"blue turquoise","year":2005,"color":"#53B0AE","pantone_value":"15-5217"}],"support":{"url":"https://reqres.in/#support-heading","text":"To keep ReqRes free, contributions towards server costs are appreciated!"}}

05:03:38.171 [print] {
  "per_page": 6,
  "total": 12,
  "data": [
    {
      "color": "#98B2D1",
      "year": 2000,
      "name": "cerulean",
      "id": 1,
      "pantone_value": "15-4020"
    },
    {
      "color": "#C74375",
      "year": 2001,
      "name": "fuchsia rose",
      "id": 2,
      "pantone_value": "17-2031"
    },
    {
      "color": "#BF1932",
      "year": 2002,
      "name": "true red",
      "id": 3,
      "pantone_value": "19-1664"
    },
    {
      "color": "#7BC4C4",
      "year": 2003,
      "name": "aqua sky",
      "id": 4,
      "pantone_value": "14-4811"
    },
    {
      "color": "#E2583E",
      "year": 2004,
      "name": "tigerlily",
      "id": 5,
      "pantone_value": "17-1456"
    },
    {
      "color": "#53B0AE",
      "year": 2005,
      "name": "blue turquoise",
      "id": 6,
      "pantone_value": "15-5217"
    }
  ],
  "page": 1,
  "total_pages": 2,
  "support": {
    "text": "To keep ReqRes free, contributions towards server costs are appreciated!",
    "url": "https://reqres.in/#support-heading"
  }
}

05:03:38.171 after scenario inside config 
3","partition":0,"offset":1},{"topic":"shalini","key":null,"value":123.3,"partition":0,"offset":2}]

04:39:03.952 [print] [
  {
    "partition": 0,
    "offset": 0,
    "topic": "shalini",
    "value": "key-value3",
    "key": "key3"
  },
  {
    "partition": 0,
    "offset": 1,
    "topic": "shalini",
    "value": "val3",
    "key": null
  },
  {
    "partition": 0,
    "offset": 2,
    "topic": "shalini",
    "value": 123.3,
    "key": null
  }
]

04:39:03.952 skipping bootstrap configuration: could not find or read file: classpath:karate-config.js
04:39:03.952 request:
1 > GET http://192.168.1.62:8082/consumers/my-consumer-group/instances/shalini_consumer/assignments
1 > Accept: application/vnd.kafka.v2+json
1 > Accept-Encoding: gzip,deflate
1 > Connection: Keep-Alive
1 > Host: 192.168.1.62:8082
1 > User-Agent: Apache-HttpClient/4.5.12 (Java/1.8.0_251)

04:39:03.968 response time in milliseconds: 3.77
1 < 200
1 < Content-Type: application/vnd.kafka.v2+json
1 < Date: Thu, 04 Feb 2021 12:39:04 GMT
1 < Vary: Accept-Encoding, User-Agent
{"partitions":[{"topic":"shalini","partition":0}]}

04:39:03.968 [print] {
  "partitions": [
    {
      "partition": 0,
      "topic": "shalini"
    }
  ]
}

04:39:03.968 skipping bootstrap configuration: could not find or read file: classpath:karate-config.js
04:39:03.968 request:
1 > DELETE http://192.168.1.62:8082/consumers/my-consumer-group/instances/shalini_consumer/subscription
1 > Accept: application/vnd.kafka.v2+json
1 > Accept-Encoding: gzip,deflate
1 > Connection: Keep-Alive
1 > Host: 192.168.1.62:8082
1 > User-Agent: Apache-HttpClient/4.5.12 (Java/1.8.0_251)

04:39:03.983 response time in milliseconds: 4.70
1 < 204
1 < Date: Thu, 04 Feb 2021 12:39:04 GMT

04:39:03.983 skipping bootstrap configuration: could not find or read file: classpath:karate-config.js
04:39:03.983 request:
1 > DELETE http://192.168.1.62:8082/consumers/my-consumer-group/instances/shalini_consumer
1 > Accept: application/vnd.kafka.v2+json
1 > Accept-Encoding: gzip,deflate
1 > Connection: Keep-Alive
1 > Host: 192.168.1.62:8082
1 > User-Agent: Apache-HttpClient/4.5.12 (Java/1.8.0_251)

04:39:03.999 response time in milliseconds: 8.23
1 < 204
1 < Date: Thu, 04 Feb 2021 12:39:04 GMT

04:39:03.999 skipping bootstrap configuration: could not find or read file: classpath:karate-config.js
04:39:03.999 request:
1 > DELETE http://192.168.1.62:8082/consumers/my-consumer-group/instances/shalini_consumer
1 > Accept: application/vnd.kafka.v2+json
1 > Accept-Encoding: gzip,deflate
1 > Connection: Keep-Alive
1 > Host: 192.168.1.62:8082
1 > User-Agent: Apache-HttpClient/4.5.12 (Java/1.8.0_251)

04:39:03.999 response time in milliseconds: 4.13
1 < 404
1 < Content-Length: 61
1 < Content-Type: application/vnd.kafka.v2+json
1 < Date: Thu, 04 Feb 2021 12:39:04 GMT
{"error_code":40403,"message":"Consumer instance not found."}

y name="phase0"></s:key>
        <s:key name="phase1">archivebuckets  | timeliner  remote=0 partial_commits=0 max_events_per_bucket=500000 fieldstats_update_maxperiod=60 bucket=0</s:key>
        <s:key name="pid">50285</s:key>
        <s:key name="priority">5</s:key>
        <s:key name="provenance">scheduler</s:key>
        <s:key name="remoteSearch"></s:key>
        <s:key name="reportSearch"></s:key>
        <s:key name="resultCount">0</s:key>
        <s:key name="resultIsStreaming">1</s:key>
        <s:key name="resultPreviewCount">0</s:key>
        <s:key name="runDuration">0.671</s:key>
        <s:key name="sampleRatio">1</s:key>
        <s:key name="sampleSeed">0</s:key>
        <s:key name="savedSearchLabel">{"owner":"nobody","app":"splunk_archiver","sharing":"app"}</s:key>
        <s:key name="scanCount">0</s:key>
        <s:key name="search">| archivebuckets</s:key>
        <s:key name="searchCanBeEventType">0</s:key>
        <s:key name="searchLatestTime">1612435620.000000000</s:key>
        <s:key name="searchTotalBucketsCount">0</s:key>
        <s:key name="searchTotalEliminatedBucketsCount">0</s:key>
        <s:key name="sid">scheduler__nobody_c3BsdW5rX2FyY2hpdmVy__RMD5473cbac83d6c9db7_at_1612435620_1</s:key>
        <s:key name="statusBuckets">0</s:key>
        <s:key name="ttl">6399</s:key>
        <s:key name="workload_action_information"></s:key>
        <s:key name="workload_pool"></s:key>
        <s:key name="performance">
          <s:dict>
            <s:key name="command.archivebuckets">
              <s:dict>
                <s:key name="duration_secs">0.647</s:key>
                <s:key name="invocations">1</s:key>
                <s:key name="input_count">0</s:key>
                <s:key name="output_count">0</s:key>
              </s:dict>
            </s:key>
            <s:key name="command.timeliner">
              <s:dict>
                <s:key name="invocations">1</s:key>
                <s:key name="input_count">0</s:key>
                <s:key name="output_count">0</s:key>
              </s:dict>
            </s:key>
            <s:key name="dispatch.createdSearchResultInfrastructure">
              <s:dict>
                <s:key name="duration_secs">0.001</s:key>
                <s:key name="invocations">1</s:key>
              </s:dict>
            </s:key>
            <s:key name="dispatch.evaluate.archivebuckets">
              <s:dict>
                <s:key name="invocations">2</s:key>
              </s:dict>
            </s:key>
            <s:key name="dispatch.finalWriteToDisk">
              <s:dict>
                <s:key name="invocations">1</s:key>
              </s:dict>
            </s:key>
            <s:key name="dispatch.readEventsInResults">
              <s:dict>
                <s:key name="invocations">1</s:key>
              </s:dict>
            </s:key>
            <s:key name="dispatch.timeline">
              <s:dict>
                <s:key name="invocations">1</s:key>
              </s:dict>
            </s:key>
            <s:key name="dispatch.writeStatus">
              <s:dict>
                <s:key name="invocations">3</s:key>
              </s:dict>
            </s:key>
            <s:key name="startup.configuration">
              <s:dict>
                <s:key name="duration_secs">0.012</s:key>
                <s:key name="invocations">2</s:key>
              </s:dict>
            </s:key>
            <s:key name="startup.handoff">
              <s:dict>
                <s:key name="duration_secs">0.058</s:key>
                <s:key name="invocations">2</s:key>
              </s:dict>
            </s:key>
          </s:dict>
        </s:key>
        <s:key name="messages">
          <s:dict/>
        </s:key>
        <s:key name="request">
          <s:dict>
            <s:key name="auto_cancel">0</s:key>
            <s:key name="auto_pause">0</s:key>
            <s:key name="buckets">0</s:key>
            <s:key name="earliest_time"></s:key>
            <s:key name="index_earliest"></s:key>
            <s:key name="index_latest"></s:key>
            <s:key name="indexedRealtime"></s:key>
            <s:key name="indexedRealtimeMinSpan"></s:key>
            <s:key name="indexedRealtimeOffset"></s:key>
            <s:key name="latest_time">now</s:key>
            <s:key name="lookups">1</s:key>
            <s:key name="max_count">500000</s:key>
            <s:key name="max_time">0</s:key>
            <s:key name="reduce_freq">10</s:key>
            <s:key name="rt_backfill">0</s:key>
            <s:key name="rt_maximum_span"></s:key>
            <s:key name="sample_ratio">1</s:key>
            <s:key name="spawn_process">1</s:key>
            <s:key name="time_format">%FT%T.%Q%:z</s:key>
            <s:key name="ui_dispatch_app"></s:key>
            <s:key name="ui_dispatch_view"></s:key>
          </s:dict>
        </s:key>
        <s:key name="eai:acl">
          <s:dict>
            <s:key name="perms">
              <s:dict>
                <s:key name="read">
                  <s:list>
                    <s:item>*</s:item>
                    <s:item>splunk-system-user</s:item>
                  </s:list>
                </s:key>
                <s:key name="write">
                  <s:list>
                    <s:item>*</s:item>
                    <s:item>splunk-system-user</s:item>
                  </s:list>
                </s:key>
              </s:dict>
            </s:key>
            <s:key name="owner">splunk-system-user</s:key>
            <s:key name="modifiable">1</s:key>
            <s:key name="sharing">global</s:key>
            <s:key name="app">splunk_archiver</s:key>
            <s:key name="can_write">1</s:key>
            <s:key name="ttl">7200</s:key>
          </s:dict>
        </s:key>
        <s:key name="searchProviders">
          <s:list/>
        </s:key>
      </s:dict>
    </content>
  </entry>
</feed>


03:00:22.796 [print] xml
03:00:22.874 [print] jobs
me="description">Output the results of the search to a CSV lookup file</s:key>
        <s:key name="disabled">0</s:key>
        <s:key name="eai:acl">
          <s:dict>
            <s:key name="app">system</s:key>
            <s:key name="can_change_perms">1</s:key>
            <s:key name="can_list">1</s:key>
            <s:key name="can_share_app">1</s:key>
            <s:key name="can_share_global">1</s:key>
            <s:key name="can_share_user">0</s:key>
            <s:key name="can_write">1</s:key>
            <s:key name="modifiable">1</s:key>
            <s:key name="owner">nobody</s:key>
            <s:key name="perms">
              <s:dict>
                <s:key name="read">
                  <s:list>
                    <s:item>*</s:item>
                  </s:list>
                </s:key>
                <s:key name="write">
                  <s:list>
                    <s:item>admin</s:item>
                  </s:list>
                </s:key>
              </s:dict>
            </s:key>
            <s:key name="removable">0</s:key>
            <s:key name="sharing">system</s:key>
          </s:dict>
        </s:key>
        <s:key name="eai:appName">search</s:key>
        <s:key name="eai:userName">nobody</s:key>
        <s:key name="filename"></s:key>
        <s:key name="forceCsvResults">auto</s:key>
        <s:key name="hostname"></s:key>
        <s:key name="icon_path">mod_alert_icon_lookup.png</s:key>
        <s:key name="label">Output results to lookup</s:key>
        <s:key name="maxresults">10000</s:key>
        <s:key name="maxtime">5m</s:key>
        <s:key name="track_alert">0</s:key>
        <s:key name="ttl">10p</s:key>
      </s:dict>
    </content>
  </entry>
  <entry>
    <title>outputtelemetry</title>
    <id>https://192.168.1.62:8089/servicesNS/nobody/splunk_instrumentation/alerts/alert_actions/outputtelemetry</id>
    <updated>1970-01-01T05:30:00+05:30</updated>
    <link href="/servicesNS/nobody/splunk_instrumentation/alerts/alert_actions/outputtelemetry" rel="alternate"/>
    <author>
      <name>nobody</name>
    </author>
    <link href="/servicesNS/nobody/splunk_instrumentation/alerts/alert_actions/outputtelemetry" rel="list"/>
    <link href="/servicesNS/nobody/splunk_instrumentation/alerts/alert_actions/outputtelemetry/_reload" rel="_reload"/>
    <link href="/servicesNS/nobody/splunk_instrumentation/alerts/alert_actions/outputtelemetry" rel="edit"/>
    <link href="/servicesNS/nobody/splunk_instrumentation/alerts/alert_actions/outputtelemetry/disable" rel="disable"/>
    <content type="text/xml">
      <s:dict>
        <s:key name="command"><![CDATA[outputtelemetry input=$action.outputtelemetry.param.input$ anonymous=$action.outputtelemetry.param.anonymous$ license=$action.outputtelemetry.param.license$ support=$action.outputtelemetry.param.support$ component=$action.outputtelemetry.param.component$ type=$action.outputtelemetry.param.type$ optinrequired=$action.outputtelemetry.param.optinrequired$]]></s:key>
        <s:key name="description">Custom action to output results to telemetry endpoint</s:key>
        <s:key name="disabled">0</s:key>
        <s:key name="eai:acl">
          <s:dict>
            <s:key name="app">splunk_instrumentation</s:key>
            <s:key name="can_change_perms">1</s:key>
            <s:key name="can_list">1</s:key>
            <s:key name="can_share_app">1</s:key>
            <s:key name="can_share_global">1</s:key>
            <s:key name="can_share_user">0</s:key>
            <s:key name="can_write">1</s:key>
            <s:key name="modifiable">1</s:key>
            <s:key name="owner">nobody</s:key>
            <s:key name="perms">
              <s:dict>
                <s:key name="read">
                  <s:list>
                    <s:item>*</s:item>
                  </s:list>
                </s:key>
                <s:key name="write">
                  <s:list>
                    <s:item>admin</s:item>
                  </s:list>
                </s:key>
              </s:dict>
            </s:key>
            <s:key name="removable">0</s:key>
            <s:key name="sharing">global</s:key>
          </s:dict>
        </s:key>
        <s:key name="eai:appName">search</s:key>
        <s:key name="eai:userName">nobody</s:key>
        <s:key name="forceCsvResults">auto</s:key>
        <s:key name="hostname"></s:key>
        <s:key name="icon_path">outputtelemetry.png</s:key>
        <s:key name="is_custom">1</s:key>
        <s:key name="label">Output results to telemetry endpoint</s:key>
        <s:key name="maxresults">10000</s:key>
        <s:key name="maxtime">5m</s:key>
        <s:key name="param.anonymous">1</s:key>
        <s:key name="param.component"></s:key>
        <s:key name="param.input"></s:key>
        <s:key name="param.license">0</s:key>
        <s:key name="param.optinrequired">1</s:key>
        <s:key name="param.support">1</s:key>
        <s:key name="param.type">event</s:key>
        <s:key name="python.version">python3</s:key>
        <s:key name="track_alert">0</s:key>
        <s:key name="ttl">120</s:key>
      </s:dict>
    </content>
  </entry>
  <entry>
    <title>populate_lookup</title>
    <id>https://192.168.1.62:8089/servicesNS/nobody/system/alerts/alert_actions/populate_lookup</id>
    <updated>1970-01-01T05:30:00+05:30</updated>
    <link href="/servicesNS/nobody/system/alerts/alert_actions/populate_lookup" rel="alternate"/>
    <author>
      <name>nobody</name>
    </author>
    <link href="/servicesNS/nobody/system/alerts/alert_actions/populate_lookup" rel="list"/>
    <link href="/servicesNS/nobody/system/alerts/alert_actions/populate_lookup/_reload" rel="_reload"/>
    <link href="/servicesNS/nobody/system/alerts/alert_actions/populate_lookup" rel="edit"/>
    <link href="/servicesNS/nobody/system/alerts/alert_actions/populate_lookup/disable" rel="disable"/>
    <content type="text/xml">
      <s:dict>
        <s:key name="command">copyresults dest="$action.populate_lookup.dest$"  sid="$search_id$"</s:key>
        <s:key name="dest"></s:key>
        <s:key name="disabled">0</s:key>
        <s:key name="eai:acl">
          <s:dict>
            <s:key name="app">system</s:key>
            <s:key name="can_change_perms">1</s:key>
            <s:key name="can_list">1</s:key>
            <s:key name="can_share_app">1</s:key>
            <s:key name="can_share_global">1</s:key>
            <s:key name="can_share_user">0</s:key>
            <s:key name="can_write">1</s:key>
            <s:key name="modifiable">1</s:key>
            <s:key name="owner">nobody</s:key>
            <s:key name="perms">
              <s:dict>
                <s:key name="read">
                  <s:list>
                    <s:item>*</s:item>
                  </s:list>
                </s:key>
                <s:key name="write">
                  <s:list>
                    <s:item>admin</s:item>
                  </s:list>
                </s:key>
              </s:dict>
            </s:key>
            <s:key name="removable">0</s:key>
            <s:key name="sharing">system</s:key>
          </s:dict>
        </s:key>
        <s:key name="eai:appName">search</s:key>
        <s:key name="eai:userName">nobody</s:key>
        <s:key name="forceCsvResults">auto</s:key>
        <s:key name="hostname"></s:key>
        <s:key name="maxresults">10000</s:key>
        <s:key name="maxtime">5m</s:key>
        <s:key name="track_alert">0</s:key>
        <s:key name="ttl">120</s:key>
      </s:dict>
    </content>
  </entry>
  <entry>
    <title>rss</title>
    <id>https://192.168.1.62:8089/servicesNS/nobody/system/alerts/alert_actions/rss</id>
    <updated>1970-01-01T05:30:00+05:30</updated>
    <link href="/servicesNS/nobody/system/alerts/alert_actions/rss" rel="alternate"/>
    <author>
      <name>nobody</name>
    </author>
    <link href="/servicesNS/nobody/system/alerts/alert_actions/rss" rel="list"/>
    <link href="/servicesNS/nobody/system/alerts/alert_actions/rss/_reload" rel="_reload"/>
    <link href="/servicesNS/nobody/system/alerts/alert_actions/rss" rel="edit"/>
    <link href="/servicesNS/nobody/system/alerts/alert_actions/rss/disable" rel="disable"/>
    <content type="text/xml">
      <s:dict>
        <s:key name="command">createrss "path=$name$.xml" "name=$name$" "link=$results.url$" "descr=Alert trigger: $name$, results.count=$results.count$ " "count=30" "graceful=$graceful{default=1}$" maxtime="$action.rss.maxtime{default=1m}$"</s:key>
        <s:key name="disabled">0</s:key>
        <s:key name="eai:acl">
          <s:dict>
            <s:key name="app">system</s:key>
            <s:key name="can_change_perms">1</s:key>
            <s:key name="can_list">1</s:key>
            <s:key name="can_share_app">1</s:key>
            <s:key name="can_share_global">1</s:key>
            <s:key name="can_share_user">0</s:key>
            <s:key name="can_write">1</s:key>
            <s:key name="modifiable">1</s:key>
            <s:key name="owner">nobody</s:key>
            <s:key name="perms">
              <s:dict>
                <s:key name="read">
                  <s:list>
                    <s:item>*</s:item>
                  </s:list>
                </s:key>
                <s:key name="write">
                  <s:list>
                    <s:item>admin</s:item>
                  </s:list>
                </s:key>
              </s:dict>
            </s:key>
            <s:key name="removable">0</s:key>
            <s:key name="sharing">system</s:key>
          </s:dict>
        </s:key>
        <s:key name="eai:appName">search</s:key>
        <s:key name="eai:userName">nobody</s:key>
        <s:key name="forceCsvResults">auto</s:key>
        <s:key name="hostname"></s:key>
        <s:key name="maxresults">10000</s:key>
        <s:key name="maxtime">1m</s:key>
        <s:key name="track_alert">0</s:key>
        <s:key name="ttl">86400</s:key>
      </s:dict>
    </content>
  </entry>
  <entry>
    <title>script</title>
    <id>https://192.168.1.62:8089/servicesNS/nobody/system/alerts/alert_actions/script</id>
    <updated>1970-01-01T05:30:00+05:30</updated>
    <link href="/servicesNS/nobody/system/alerts/alert_actions/script" rel="alternate"/>
    <author>
      <name>nobody</name>
    </author>
    <link href="/servicesNS/nobody/system/alerts/alert_actions/script" rel="list"/>
    <link href="/servicesNS/nobody/system/alerts/alert_actions/script/_reload" rel="_reload"/>
    <link href="/servicesNS/nobody/system/alerts/alert_actions/script" rel="edit"/>
    <link href="/servicesNS/nobody/system/alerts/alert_actions/script/disable" rel="disable"/>
    <content type="text/xml">
      <s:dict>
        <s:key name="command">runshellscript "$action.script.filename$" "$results.count$" "$search$" "$search$" "$name$" "Saved Search [$name$] $counttype$($results.count$)" "$results.url$" "$deprecated_arg$" "$search_id$" "$results.file$" maxtime="$action.script.maxtime{default=5m}$"</s:key>
        <s:key name="description">Invoke a custom script</s:key>
        <s:key name="disabled">0</s:key>
        <s:key name="eai:acl">
          <s:dict>
            <s:key name="app">system</s:key>
            <s:key name="can_change_perms">1</s:key>
            <s:key name="can_list">1</s:key>
            <s:key name="can_share_app">1</s:key>
            <s:key name="can_share_global">1</s:key>
            <s:key name="can_share_user">0</s:key>
            <s:key name="can_write">1</s:key>
            <s:key name="modifiable">1</s:key>
            <s:key name="owner">nobody</s:key>
            <s:key name="perms">
              <s:dict>
                <s:key name="read">
                  <s:list>
                    <s:item>*</s:item>
                  </s:list>
                </s:key>
                <s:key name="write">
                  <s:list>
                    <s:item>admin</s:item>
                  </s:list>
                </s:key>
              </s:dict>
            </s:key>
            <s:key name="removable">0</s:key>
            <s:key name="sharing">system</s:key>
          </s:dict>
        </s:key>
        <s:key name="eai:appName">search</s:key>
        <s:key name="eai:userName">nobody</s:key>
        <s:key name="filename"></s:key>
        <s:key name="forceCsvResults">auto</s:key>
        <s:key name="hostname"></s:key>
        <s:key name="icon_path">mod_alert_icon_script.png</s:key>
        <s:key name="label">Run a script</s:key>
        <s:key name="maxresults">10000</s:key>
        <s:key name="maxtime">5m</s:key>
        <s:key name="track_alert">1</s:key>
        <s:key name="ttl">600</s:key>
      </s:dict>
    </content>
  </entry>
  <entry>
    <title>summary_index</title>
    <id>https://192.168.1.62:8089/servicesNS/nobody/system/alerts/alert_actions/summary_index</id>
    <updated>1970-01-01T05:30:00+05:30</updated>
    <link href="/servicesNS/nobody/system/alerts/alert_actions/summary_index" rel="alternate"/>
    <author>
      <name>nobody</name>
    </author>
    <link href="/servicesNS/nobody/system/alerts/alert_actions/summary_index" rel="list"/>
    <link href="/servicesNS/nobody/system/alerts/alert_actions/summary_index/_reload" rel="_reload"/>
    <link href="/servicesNS/nobody/system/alerts/alert_actions/summary_index" rel="edit"/>
    <link href="/servicesNS/nobody/system/alerts/alert_actions/summary_index/disable" rel="disable"/>
    <content type="text/xml">
      <s:dict>
        <s:key name="_name">summary</s:key>
        <s:key name="command"><![CDATA[summaryindex spool=t uselb=t addtime=t index="$action.summary_index._name{required=yes}$" file="$name_hash$_$#random$.stash_new" name="$name$" marker="$action.summary_index*{format=$KEY=\\\"$VAL\\\", key_regex="action.summary_index.(?!(?:command|forceCsvResults|force_realtime_schedule|inline|maxresults|maxtime|python\\.version|ttl|track_alert|(?:_.*))$)(.*)"}$"]]></s:key>
        <s:key name="disabled">0</s:key>
        <s:key name="eai:acl">
          <s:dict>
            <s:key name="app">system</s:key>
            <s:key name="can_change_perms">1</s:key>
            <s:key name="can_list">1</s:key>
            <s:key name="can_share_app">1</s:key>
            <s:key name="can_share_global">1</s:key>
            <s:key name="can_share_user">0</s:key>
            <s:key name="can_write">1</s:key>
            <s:key name="modifiable">1</s:key>
            <s:key name="owner">nobody</s:key>
            <s:key name="perms">
              <s:dict>
                <s:key name="read">
                  <s:list>
                    <s:item>*</s:item>
                  </s:list>
                </s:key>
                <s:key name="write">
                  <s:list>
                    <s:item>admin</s:item>
                  </s:list>
                </s:key>
              </s:dict>
            </s:key>
            <s:key name="removable">0</s:key>
            <s:key name="sharing">system</s:key>
          </s:dict>
        </s:key>
        <s:key name="eai:appName">search</s:key>
        <s:key name="eai:userName">nobody</s:key>
        <s:key name="forceCsvResults">auto</s:key>
        <s:key name="hostname"></s:key>
        <s:key name="inline">1</s:key>
        <s:key name="maxresults">10000</s:key>
        <s:key name="maxtime">5m</s:key>
        <s:key name="track_alert">0</s:key>
        <s:key name="ttl">120</s:key>
      </s:dict>
    </content>
  </entry>
  <entry>
    <title>summary_metric_index</title>
    <id>https://192.168.1.62:8089/servicesNS/nobody/system/alerts/alert_actions/summary_metric_index</id>
    <updated>1970-01-01T05:30:00+05:30</updated>
    <link href="/servicesNS/nobody/system/alerts/alert_actions/summary_metric_index" rel="alternate"/>
    <author>
      <name>nobody</name>
    </author>
    <link href="/servicesNS/nobody/system/alerts/alert_actions/summary_metric_index" rel="list"/>
    <link href="/servicesNS/nobody/system/alerts/alert_actions/summary_metric_index/_reload" rel="_reload"/>
    <link href="/servicesNS/nobody/system/alerts/alert_actions/summary_metric_index" rel="edit"/>
    <link href="/servicesNS/nobody/system/alerts/alert_actions/summary_metric_index/disable" rel="disable"/>
    <content type="text/xml">
      <s:dict>
        <s:key name="_name">summary</s:key>
        <s:key name="command"><![CDATA[mcollect spool=t index="$action.summary_index._name{required=yes}$" file="$name_hash$_$#random$.stash_new" name="$name$" marker="$action.summary_index*{format=$KEY=\\\"$VAL\\\", key_regex="action.summary_index.(?!(?:command|forceCsvResults|force_realtime_schedule|inline|maxresults|maxtime|python\\.version|ttl|track_alert|(?:_.*))$)(.*)"}$" split=allnums $action.summary_index._metric_dims$]]></s:key>
        <s:key name="disabled">0</s:key>
        <s:key name="eai:acl">
          <s:dict>
            <s:key name="app">system</s:key>
            <s:key name="can_change_perms">1</s:key>
            <s:key name="can_list">1</s:key>
            <s:key name="can_share_app">1</s:key>
            <s:key name="can_share_global">1</s:key>
            <s:key name="can_share_user">0</s:key>
            <s:key name="can_write">1</s:key>
            <s:key name="modifiable">1</s:key>
            <s:key name="owner">nobody</s:key>
            <s:key name="perms">
              <s:dict>
                <s:key name="read">
                  <s:list>
                    <s:item>*</s:item>
                  </s:list>
                </s:key>
                <s:key name="write">
                  <s:list>
                    <s:item>admin</s:item>
                  </s:list>
                </s:key>
              </s:dict>
            </s:key>
            <s:key name="removable">0</s:key>
            <s:key name="sharing">system</s:key>
          </s:dict>
        </s:key>
        <s:key name="eai:appName">search</s:key>
        <s:key name="eai:userName">nobody</s:key>
        <s:key name="forceCsvResults">auto</s:key>
        <s:key name="hostname"></s:key>
        <s:key name="inline">1</s:key>
        <s:key name="maxresults">10000</s:key>
        <s:key name="maxtime">5m</s:key>
        <s:key name="track_alert">0</s:key>
        <s:key name="ttl">120</s:key>
      </s:dict>
    </content>
  </entry>
  <entry>
    <title>webhook</title>
    <id>https://192.168.1.62:8089/servicesNS/nobody/alert_webhook/alerts/alert_actions/webhook</id>
    <updated>1970-01-01T05:30:00+05:30</updated>
    <link href="/servicesNS/nobody/alert_webhook/alerts/alert_actions/webhook" rel="alternate"/>
    <author>
      <name>nobody</name>
    </author>
    <link href="/servicesNS/nobody/alert_webhook/alerts/alert_actions/webhook" rel="list"/>
    <link href="/servicesNS/nobody/alert_webhook/alerts/alert_actions/webhook/_reload" rel="_reload"/>
    <link href="/servicesNS/nobody/alert_webhook/alerts/alert_actions/webhook" rel="edit"/>
    <link href="/servicesNS/nobody/alert_webhook/alerts/alert_actions/webhook/disable" rel="disable"/>
    <content type="text/xml">
      <s:dict>
        <s:key name="command">sendalert $action_name$ results_file="$results.file$" results_link="$results.url$"</s:key>
        <s:key name="description">Generic HTTP POST to a specified URL</s:key>
        <s:key name="disabled">0</s:key>
        <s:key name="eai:acl">
          <s:dict>
            <s:key name="app">alert_webhook</s:key>
            <s:key name="can_change_perms">1</s:key>
            <s:key name="can_list">1</s:key>
            <s:key name="can_share_app">1</s:key>
            <s:key name="can_share_global">1</s:key>
            <s:key name="can_share_user">0</s:key>
            <s:key name="can_write">1</s:key>
            <s:key name="modifiable">1</s:key>
            <s:key name="owner">nobody</s:key>
            <s:key name="perms">
              <s:dict>
                <s:key name="read">
                  <s:list>
                    <s:item>*</s:item>
                  </s:list>
                </s:key>
                <s:key name="write">
                  <s:list>
                    <s:item>*</s:item>
                  </s:list>
                </s:key>
              </s:dict>
            </s:key>
            <s:key name="removable">0</s:key>
            <s:key name="sharing">global</s:key>
          </s:dict>
        </s:key>
        <s:key name="eai:appName">search</s:key>
        <s:key name="eai:userName">nobody</s:key>
        <s:key name="forceCsvResults">auto</s:key>
        <s:key name="hostname"></s:key>
        <s:key name="icon_path">webhook.png</s:key>
        <s:key name="is_custom">1</s:key>
        <s:key name="label">Webhook</s:key>
        <s:key name="maxresults">10000</s:key>
        <s:key name="maxtime">5m</s:key>
        <s:key name="param.user_agent">Splunk/$server.guid$</s:key>
        <s:key name="payload_format">json</s:key>
        <s:key name="python.version">python3</s:key>
        <s:key name="track_alert">0</s:key>
        <s:key name="ttl">10p</s:key>
      </s:dict>
    </content>
  </entry>
</feed>


02:57:43.921 [print] xml
02:57:43.952 [print] alert_actions
Fonts -->
        <link rel="dns-prefetch" href="//fonts.gstatic.com">
        <link href="https://fonts.googleapis.com/css?family=Nunito" rel="stylesheet">

        <!-- Styles -->
        <style>
            html, body {
                background-color: #fff;
                color: #636b6f;
                font-family: 'Nunito', sans-serif;
                font-weight: 100;
                height: 100vh;
                margin: 0;
            }

            .full-height {
                height: 100vh;
            }

            .flex-center {
                align-items: center;
                display: flex;
                justify-content: center;
            }

            .position-ref {
                position: relative;
            }

            .code {
                border-right: 2px solid;
                font-size: 26px;
                padding: 0 15px 0 15px;
                text-align: center;
            }

            .message {
                font-size: 18px;
                text-align: center;
            }
        </style>
    
<script data-ezscrex="false" data-cfasync="false" type="text/javascript">window.google_analytics_uacct = "UA-131129777-14";</script>
<script data-ezscrex="false" data-cfasync="false" type="text/javascript">
var _gaq = _gaq || [];
_gaq.push(function(){
	_gat._createTracker('UA-131129777-14', 'e');
});
_gaq.push(function(){
	_gat._createTracker('UA-38339005-1', 'f');
});
_gaq.push(['e._setDomainName', 'restapiexample.com']);
_gaq.push(['f._setDomainName', 'restapiexample.com']);
_gaq.push(['e._setCustomVar',1,'template','pub_site_noads',3]);
_gaq.push(['e._setCustomVar',2,'t','147',3]);
_gaq.push(['e._setCustomVar',3,'rid','0',2]);
_gaq.push(['e._setCustomVar',4,'bra','mod1',3]);
_gaq.push(['e._setAllowAnchor',true]);
_gaq.push(['e._setSiteSpeedSampleRate', 10]);
_gaq.push(['f._setCustomVar',1,'template','pub_site_noads',3]);
_gaq.push(['f._setCustomVar',2,'domain','restapiexample.com',3]);
_gaq.push(['f._setSiteSpeedSampleRate', 20]);
_gaq.push(['e._trackPageview']);
_gaq.push(['f._trackPageview']);


(function() {
 var ga = document.createElement('script'); ga.type = 'text/javascript'; ga.async = true;
 ga.src = ('https:' == document.location.protocol ? 'https://ssl' : 'http://www') + '.google-analytics.com/ga.js';
 var s = document.getElementsByTagName('script')[0]; s.parentNode.insertBefore(ga, s);
})();
</script>
<script type="text/javascript">var ezouid = "1";</script><base href="http://dummy.restapiexample.com/api/v1/create"><script type='text/javascript'>
var ezoTemplate = 'pub_site_noads';
if(typeof ezouid == 'undefined')
{
    var ezouid = 'none';
}
var ezoFormfactor = '1';
var ezo_elements_to_check = Array();
</script><!-- START EZHEAD -->
<script data-ezscrex="false" type='text/javascript'>
var soc_app_id = '0';
var did = 133674;
var ezdomain = 'restapiexample.com';
var ezoicSearchable = 1;
</script>
<!--{jquery}-->
<!-- END EZHEAD -->
<script data-ezscrex='false' data-pagespeed-no-defer data-cfasync='false' type='text/javascript' style='display:none'>
__ez.queue.addFile('__ezf_ezosuigeneris', '//g.ezoic.net/ezosuigeneris.js', true, [], true, false, false, false);
var __ez_ezosuigenerisEvt = function() { if(typeof(ezosuigeneris) != 'undefined'){__ez.bit.AddAndFire(_ezaq['page_view_id'], [(new __ezDotData('universal_user_id', ezosuigeneris))]); }};
__ez.queue.addFunc('__ez_ezosuigenerisEvt', '__ez_ezosuigenerisEvt', null, false, ['__ezf_ezosuigeneris','/detroitchicago/minneapolis.js','/detroitchicago/memphis.js'], false, false, false, false);</script><script data-ezscrex='false' data-pagespeed-no-defer data-cfasync='false' type='text/javascript' style='display:none'>__ez.queue.addFile('__ezf_ezosuigenerisc', '//g.ezoic.net/ezosuigenerisc.js?nogen=1', true, ["/detroitchicago/boise.js"], true, false, false, false);</script>
<script data-ezscrex='false' data-pagespeed-no-defer data-cfasync='false'>
function create_ezolpl(pvID, rv) {
    var d = new Date();
    d.setTime(d.getTime() + (365*24*60*60*1000));
    var expires = "expires="+d.toUTCString();
    __ez.ck.setByCat("ezux_lpl_133674=" + new Date().getTime() + "|" + pvID + "|" + rv + "; " + expires, 3);
}
function attach_ezolpl(pvID, rv) {
    if (document.readyState === "complete") {
        create_ezolpl(pvID, rv);
    }
    if(window.attachEvent) {
        window.attachEvent("onload", create_ezolpl, pvID, rv);
    } else {
        if(window.onload) {
            var curronload = window.onload;
            var newonload = function(evt) {
                curronload(evt);
                create_ezolpl(pvID, rv);
            };
            window.onload = newonload;
        } else {
            window.onload = create_ezolpl.bind(null, pvID, rv);
        }
    }
}

__ez.queue.addFunc("attach_ezolpl", "attach_ezolpl", ["5d8e83ef-c27d-4d62-7683-b64f3ab4361f", "false"], false, ['/detroitchicago/boise.js'], true, false, false, false);
</script></head>
    <body>
        <div class="flex-center position-ref full-height">
            <div class="code">
                429            </div>

            <div class="message" style="padding: 10px;">
                Too Many Requests            </div>
        </div>
    <script type="text/javascript" style='display:none;'>var __ez_dims = (function() {
		var setCookie = function( name, content, expiry ) {
			return document.cookie = name+'='+content+((expiry)?';expires='+(new Date(Math.floor(new Date().getTime()+expiry*1000)).toUTCString()):'')+';path=/';
		};
		var ffid = 1;
		var oh = window.screen.height;
		var ow = window.screen.width;
		var h = ffid === 1 ? oh : (oh > ow) ? oh : ow;
		var w = ffid === 1 ? ow : (oh > ow) ? ow : oh;
		var uh = window.innerHeight || document.documentElement.clientHeight || document.getElementsByTagName('body')[0].clientHeight;
		var uw = window.innerWidth || document.documentElement.clientWidth || document.getElementsByTagName('body')[0].clientWidth;
		setCookie('ezds', encodeURIComponent('ffid='+ffid+',w='+w+',h='+h), (31536e3*7));
		setCookie('ezohw', encodeURIComponent('w='+uw+',h='+uh), (31536e3*7));
	})();</script><script type='text/javascript' style='display:none;' async>
__ez.queue.addFile('edmonton.php', '/detroitchicago/edmonton.webp?a=a&cb=191-6&shcb=34', true, ['/detroitchicago/minneapolis.js'], true, false, false, false);
__ez.queue.addFile('jellyfish.php', '/porpoiseant/jellyfish.webp?a=a&cb=191-6&shcb=34', false, [], true, false, false, false);
</script>

<script type='text/javascript' data-cfasync='false'></script></body>
</html>



/html>

